C:\Program Files (x86)\Microsoft Visual Studio\2019\Community\MSBuild\Microsoft\VC\v160\Microsoft.CppBuild.targets(491,5): warning MSB8028: The intermediate directory (Debug\) contains files shared from another project (Lesson02.vcxproj, Lesson03.vcxproj).  This can lead to incorrect clean and rebuild behavior.
  glad.c
  Demo.cpp
E:\Game\Grafika Komputer dan Visualisasi\vs\Lesson04\Demo.cpp(333,2): warning C4305: 'initializing': truncation from 'double' to 'float'
E:\Game\Grafika Komputer dan Visualisasi\vs\Lesson04\Demo.cpp(470,2): warning C4305: 'initializing': truncation from 'double' to 'float'
E:\Game\Grafika Komputer dan Visualisasi\vs\Lesson04\Demo.cpp(582,2): warning C4305: 'initializing': truncation from 'double' to 'float'
E:\Game\Grafika Komputer dan Visualisasi\vs\Lesson04\Demo.cpp(694,2): warning C4305: 'initializing': truncation from 'double' to 'float'
E:\Game\Grafika Komputer dan Visualisasi\vs\Lesson04\Demo.cpp(806,2): warning C4305: 'initializing': truncation from 'double' to 'float'
E:\Game\Grafika Komputer dan Visualisasi\vs\Lesson04\Demo.cpp(993,2): warning C4305: 'initializing': truncation from 'double' to 'float'
E:\Game\Grafika Komputer dan Visualisasi\vs\Lesson04\Demo.cpp(1104,2): warning C4305: 'initializing': truncation from 'double' to 'float'
E:\Game\Grafika Komputer dan Visualisasi\vs\Lesson04\Demo.cpp(1189,2): warning C4305: 'initializing': truncation from 'double' to 'float'
E:\Game\Grafika Komputer dan Visualisasi\vs\Lesson04\Demo.cpp(1271,2): warning C4305: 'initializing': truncation from 'double' to 'GLfloat'
  RenderEngine.cpp
  Generating Code...
LINK : warning LNK4098: defaultlib 'MSVCRT' conflicts with use of other libs; use /NODEFAULTLIB:library
SOIL.lib(image_DXT.obj) : warning LNK4099: PDB 'vc110.pdb' was not found with 'SOIL.lib(image_DXT.obj)' or at 'E:\Game\Grafika Komputer dan Visualisasi\vs\Debug\vc110.pdb'; linking object as if no debug info
SOIL.lib(image_helper.obj) : warning LNK4099: PDB 'vc110.pdb' was not found with 'SOIL.lib(image_helper.obj)' or at 'E:\Game\Grafika Komputer dan Visualisasi\vs\Debug\vc110.pdb'; linking object as if no debug info
SOIL.lib(SOIL.obj) : warning LNK4099: PDB 'vc110.pdb' was not found with 'SOIL.lib(SOIL.obj)' or at 'E:\Game\Grafika Komputer dan Visualisasi\vs\Debug\vc110.pdb'; linking object as if no debug info
SOIL.lib(stb_image_aug.obj) : warning LNK4099: PDB 'vc110.pdb' was not found with 'SOIL.lib(stb_image_aug.obj)' or at 'E:\Game\Grafika Komputer dan Visualisasi\vs\Debug\vc110.pdb'; linking object as if no debug info
  Lesson04.vcxproj -> E:\Game\Grafika Komputer dan Visualisasi\vs\Debug\Lesson04.exe
